<?xml version="1.0" encoding="UTF-8"?>
<testsuite name="com.example.swagger.SwaggerApplicationTests" tests="1" skipped="0" failures="0" errors="0" timestamp="2017-07-26T09:15:54" hostname="pl1inpun0466pc" time="0.025">
  <properties/>
  <testcase name="contextLoads" classname="com.example.swagger.SwaggerApplicationTests" time="0.025"/>
  <system-out><![CDATA[14:45:52.082 [Test worker] DEBUG org.springframework.test.context.junit4.SpringJUnit4ClassRunner - SpringJUnit4ClassRunner constructor called with [class com.example.swagger.SwaggerApplicationTests]
14:45:52.085 [Test worker] DEBUG org.springframework.test.context.BootstrapUtils - Instantiating CacheAwareContextLoaderDelegate from class [org.springframework.test.context.cache.DefaultCacheAwareContextLoaderDelegate]
14:45:52.091 [Test worker] DEBUG org.springframework.test.context.BootstrapUtils - Instantiating BootstrapContext using constructor [public org.springframework.test.context.support.DefaultBootstrapContext(java.lang.Class,org.springframework.test.context.CacheAwareContextLoaderDelegate)]
14:45:52.101 [Test worker] DEBUG org.springframework.test.context.BootstrapUtils - Instantiating TestContextBootstrapper for test class [com.example.swagger.SwaggerApplicationTests] from class [org.springframework.boot.test.context.SpringBootTestContextBootstrapper]
14:45:52.109 [Test worker] INFO org.springframework.boot.test.context.SpringBootTestContextBootstrapper - Neither @ContextConfiguration nor @ContextHierarchy found for test class [com.example.swagger.SwaggerApplicationTests], using SpringBootContextLoader
14:45:52.111 [Test worker] DEBUG org.springframework.test.context.support.AbstractContextLoader - Did not detect default resource location for test class [com.example.swagger.SwaggerApplicationTests]: class path resource [com/example/swagger/SwaggerApplicationTests-context.xml] does not exist
14:45:52.111 [Test worker] DEBUG org.springframework.test.context.support.AbstractContextLoader - Did not detect default resource location for test class [com.example.swagger.SwaggerApplicationTests]: class path resource [com/example/swagger/SwaggerApplicationTestsContext.groovy] does not exist
14:45:52.112 [Test worker] INFO org.springframework.test.context.support.AbstractContextLoader - Could not detect default resource locations for test class [com.example.swagger.SwaggerApplicationTests]: no resource found for suffixes {-context.xml, Context.groovy}.
14:45:52.112 [Test worker] INFO org.springframework.test.context.support.AnnotationConfigContextLoaderUtils - Could not detect default configuration classes for test class [com.example.swagger.SwaggerApplicationTests]: SwaggerApplicationTests does not declare any static, non-private, non-final, nested classes annotated with @Configuration.
14:45:52.135 [Test worker] DEBUG org.springframework.test.context.support.ActiveProfilesUtils - Could not find an 'annotation declaring class' for annotation type [org.springframework.test.context.ActiveProfiles] and class [com.example.swagger.SwaggerApplicationTests]
14:45:52.140 [Test worker] DEBUG org.springframework.core.env.StandardEnvironment - Adding [systemProperties] PropertySource with lowest search precedence
14:45:52.141 [Test worker] DEBUG org.springframework.core.env.StandardEnvironment - Adding [systemEnvironment] PropertySource with lowest search precedence
14:45:52.141 [Test worker] DEBUG org.springframework.core.env.StandardEnvironment - Initialized StandardEnvironment with PropertySources [systemProperties,systemEnvironment]
14:45:52.147 [Test worker] DEBUG org.springframework.core.io.support.PathMatchingResourcePatternResolver - Resolved classpath location [com/example/swagger/] to resources [URL [file:/D:/workdir/azuretraining/swagger/build/classes/test/com/example/swagger/], URL [file:/D:/workdir/azuretraining/swagger/build/classes/main/com/example/swagger/]]
14:45:52.148 [Test worker] DEBUG org.springframework.core.io.support.PathMatchingResourcePatternResolver - Looking for matching resources in directory tree [D:\workdir\azuretraining\swagger\build\classes\test\com\example\swagger]
14:45:52.148 [Test worker] DEBUG org.springframework.core.io.support.PathMatchingResourcePatternResolver - Searching directory [D:\workdir\azuretraining\swagger\build\classes\test\com\example\swagger] for files matching pattern [D:/workdir/azuretraining/swagger/build/classes/test/com/example/swagger/*.class]
14:45:52.149 [Test worker] DEBUG org.springframework.core.io.support.PathMatchingResourcePatternResolver - Looking for matching resources in directory tree [D:\workdir\azuretraining\swagger\build\classes\main\com\example\swagger]
14:45:52.150 [Test worker] DEBUG org.springframework.core.io.support.PathMatchingResourcePatternResolver - Searching directory [D:\workdir\azuretraining\swagger\build\classes\main\com\example\swagger] for files matching pattern [D:/workdir/azuretraining/swagger/build/classes/main/com/example/swagger/*.class]
14:45:52.150 [Test worker] DEBUG org.springframework.core.io.support.PathMatchingResourcePatternResolver - Resolved location pattern [classpath*:com/example/swagger/*.class] to resources [file [D:\workdir\azuretraining\swagger\build\classes\test\com\example\swagger\SwaggerApplicationTests.class], file [D:\workdir\azuretraining\swagger\build\classes\main\com\example\swagger\SwaggerApplication.class], file [D:\workdir\azuretraining\swagger\build\classes\main\com\example\swagger\SwaggerConfiguration.class], file [D:\workdir\azuretraining\swagger\build\classes\main\com\example\swagger\TestController.class]]
14:45:52.179 [Test worker] DEBUG org.springframework.context.annotation.ClassPathScanningCandidateComponentProvider - Identified candidate component class: file [D:\workdir\azuretraining\swagger\build\classes\main\com\example\swagger\SwaggerApplication.class]
14:45:52.199 [Test worker] INFO org.springframework.boot.test.context.SpringBootTestContextBootstrapper - Found @SpringBootConfiguration com.example.swagger.SwaggerApplication for test class com.example.swagger.SwaggerApplicationTests
14:45:52.202 [Test worker] DEBUG org.springframework.boot.test.context.SpringBootTestContextBootstrapper - @TestExecutionListeners is not present for class [com.example.swagger.SwaggerApplicationTests]: using defaults.
14:45:52.207 [Test worker] INFO org.springframework.boot.test.context.SpringBootTestContextBootstrapper - Loaded default TestExecutionListener class names from location [META-INF/spring.factories]: [org.springframework.boot.test.mock.mockito.MockitoTestExecutionListener, org.springframework.boot.test.mock.mockito.ResetMocksTestExecutionListener, org.springframework.boot.test.autoconfigure.restdocs.RestDocsTestExecutionListener, org.springframework.boot.test.autoconfigure.web.client.MockRestServiceServerResetTestExecutionListener, org.springframework.boot.test.autoconfigure.web.servlet.MockMvcPrintOnlyOnFailureTestExecutionListener, org.springframework.boot.test.autoconfigure.web.servlet.WebDriverTestExecutionListener, org.springframework.test.context.web.ServletTestExecutionListener, org.springframework.test.context.support.DirtiesContextBeforeModesTestExecutionListener, org.springframework.test.context.support.DependencyInjectionTestExecutionListener, org.springframework.test.context.support.DirtiesContextTestExecutionListener, org.springframework.test.context.transaction.TransactionalTestExecutionListener, org.springframework.test.context.jdbc.SqlScriptsTestExecutionListener]
14:45:52.215 [Test worker] INFO org.springframework.boot.test.context.SpringBootTestContextBootstrapper - Could not instantiate TestExecutionListener [org.springframework.test.context.jdbc.SqlScriptsTestExecutionListener]. Specify custom listener classes or make the default listener classes (and their required dependencies) available. Offending class: [org/springframework/transaction/interceptor/TransactionAttribute]
14:45:52.218 [Test worker] INFO org.springframework.boot.test.context.SpringBootTestContextBootstrapper - Could not instantiate TestExecutionListener [org.springframework.test.context.transaction.TransactionalTestExecutionListener]. Specify custom listener classes or make the default listener classes (and their required dependencies) available. Offending class: [org/springframework/transaction/interceptor/TransactionAttributeSource]
14:45:52.219 [Test worker] INFO org.springframework.boot.test.context.SpringBootTestContextBootstrapper - Using TestExecutionListeners: [org.springframework.test.context.web.ServletTestExecutionListener@6c5ef169, org.springframework.test.context.support.DirtiesContextBeforeModesTestExecutionListener@21da3d6e, org.springframework.boot.test.autoconfigure.SpringBootDependencyInjectionTestExecutionListener@1f8385c0, org.springframework.test.context.support.DirtiesContextTestExecutionListener@5a1d9e9a, org.springframework.boot.test.mock.mockito.MockitoTestExecutionListener@4153f909, org.springframework.boot.test.autoconfigure.restdocs.RestDocsTestExecutionListener@31929d00, org.springframework.boot.test.mock.mockito.ResetMocksTestExecutionListener@323cb377, org.springframework.boot.test.autoconfigure.web.servlet.MockMvcPrintOnlyOnFailureTestExecutionListener@46312e4, org.springframework.boot.test.autoconfigure.web.client.MockRestServiceServerResetTestExecutionListener@5aa628d0, org.springframework.boot.test.autoconfigure.web.servlet.WebDriverTestExecutionListener@7f79d419]
14:45:52.221 [Test worker] DEBUG org.springframework.test.annotation.ProfileValueUtils - Retrieved @ProfileValueSourceConfiguration [null] for test class [com.example.swagger.SwaggerApplicationTests]
14:45:52.222 [Test worker] DEBUG org.springframework.test.annotation.ProfileValueUtils - Retrieved ProfileValueSource type [class org.springframework.test.annotation.SystemProfileValueSource] for class [com.example.swagger.SwaggerApplicationTests]
14:45:52.222 [Test worker] DEBUG org.springframework.test.annotation.ProfileValueUtils - Retrieved @ProfileValueSourceConfiguration [null] for test class [com.example.swagger.SwaggerApplicationTests]
14:45:52.222 [Test worker] DEBUG org.springframework.test.annotation.ProfileValueUtils - Retrieved ProfileValueSource type [class org.springframework.test.annotation.SystemProfileValueSource] for class [com.example.swagger.SwaggerApplicationTests]
14:45:52.226 [Test worker] DEBUG org.springframework.test.context.support.AbstractDirtiesContextTestExecutionListener - Before test class: context [DefaultTestContext@ec7cc73 testClass = SwaggerApplicationTests, testInstance = [null], testMethod = [null], testException = [null], mergedContextConfiguration = [WebMergedContextConfiguration@7b0ebe7f testClass = SwaggerApplicationTests, locations = '{}', classes = '{class com.example.swagger.SwaggerApplication}', contextInitializerClasses = '[]', activeProfiles = '{}', propertySourceLocations = '{}', propertySourceProperties = '{org.springframework.boot.test.context.SpringBootTestContextBootstrapper=true}', contextCustomizers = set[org.springframework.boot.test.context.SpringBootTestContextCustomizer@4f40d774, org.springframework.boot.test.context.filter.ExcludeFilterContextCustomizer@2c861778, org.springframework.boot.test.json.DuplicateJsonObjectContextCustomizerFactory$DuplicateJsonObjectContextCustomizer@415de159, org.springframework.boot.test.mock.mockito.MockitoContextCustomizer@0, org.springframework.boot.test.autoconfigure.properties.PropertyMappingContextCustomizer@0, org.springframework.boot.test.autoconfigure.web.servlet.WebDriverContextCustomizerFactory$Customizer@7d51bdd6], resourceBasePath = 'src/main/webapp', contextLoader = 'org.springframework.boot.test.context.SpringBootContextLoader', parent = [null]]], class annotated with @DirtiesContext [false] with mode [null].
14:45:52.226 [Test worker] DEBUG org.springframework.test.annotation.ProfileValueUtils - Retrieved @ProfileValueSourceConfiguration [null] for test class [com.example.swagger.SwaggerApplicationTests]
14:45:52.226 [Test worker] DEBUG org.springframework.test.annotation.ProfileValueUtils - Retrieved ProfileValueSource type [class org.springframework.test.annotation.SystemProfileValueSource] for class [com.example.swagger.SwaggerApplicationTests]
14:45:52.264 [Test worker] DEBUG org.springframework.core.env.StandardEnvironment - Adding [systemProperties] PropertySource with lowest search precedence
14:45:52.264 [Test worker] DEBUG org.springframework.core.env.StandardEnvironment - Adding [systemEnvironment] PropertySource with lowest search precedence
14:45:52.265 [Test worker] DEBUG org.springframework.core.env.StandardEnvironment - Initialized StandardEnvironment with PropertySources [systemProperties,systemEnvironment]
14:45:52.266 [Test worker] DEBUG org.springframework.core.env.MutablePropertySources - Adding [inline] PropertySource with highest search precedence
14:45:52.270 [Test worker] DEBUG org.springframework.test.context.support.TestPropertySourceUtils - Adding inlined properties to environment: {spring.jmx.enabled=false, org.springframework.boot.test.context.SpringBootTestContextBootstrapper=true, server.port=-1}
14:45:52.270 [Test worker] DEBUG org.springframework.core.env.StandardEnvironment - Adding [Inlined Test Properties] PropertySource with highest search precedence

  .   ____          _            __ _ _
 /\\ / ___'_ __ _ _(_)_ __  __ _ \ \ \ \
( ( )\___ | '_ | '_| | '_ \/ _` | \ \ \ \
 \\/  ___)| |_)| | | | | || (_| |  ) ) ) )
  '  |____| .__|_| |_|_| |_\__, | / / / /
 =========|_|==============|___/=/_/_/_/
 :: Spring Boot ::        (v1.5.4.RELEASE)

2017-07-26 14:45:52.431  INFO 12256 --- [    Test worker] c.e.swagger.SwaggerApplicationTests      : Starting SwaggerApplicationTests on pl1inpun0466pc with PID 12256 (started by frxd0m in D:\workdir\azuretraining\swagger)
2017-07-26 14:45:52.431  INFO 12256 --- [    Test worker] c.e.swagger.SwaggerApplicationTests      : No active profile set, falling back to default profiles: default
2017-07-26 14:45:52.454  INFO 12256 --- [    Test worker] o.s.w.c.s.GenericWebApplicationContext   : Refreshing org.springframework.web.context.support.GenericWebApplicationContext@4cb31e: startup date [Wed Jul 26 14:45:52 IST 2017]; root of context hierarchy
2017-07-26 14:45:53.608  INFO 12256 --- [    Test worker] s.w.s.m.m.a.RequestMappingHandlerMapping : Mapped "{[/test/list],methods=[GET],produces=[application/text]}" onto public java.lang.String com.example.swagger.TestController.list(org.springframework.ui.Model)
2017-07-26 14:45:53.611  INFO 12256 --- [    Test worker] s.w.s.m.m.a.RequestMappingHandlerMapping : Mapped "{[/swagger-resources/configuration/security]}" onto public org.springframework.http.ResponseEntity<springfox.documentation.swagger.web.SecurityConfiguration> springfox.documentation.swagger.web.ApiResourceController.securityConfiguration()
2017-07-26 14:45:53.611  INFO 12256 --- [    Test worker] s.w.s.m.m.a.RequestMappingHandlerMapping : Mapped "{[/swagger-resources]}" onto public org.springframework.http.ResponseEntity<java.util.List<springfox.documentation.swagger.web.SwaggerResource>> springfox.documentation.swagger.web.ApiResourceController.swaggerResources()
2017-07-26 14:45:53.612  INFO 12256 --- [    Test worker] s.w.s.m.m.a.RequestMappingHandlerMapping : Mapped "{[/swagger-resources/configuration/ui]}" onto public org.springframework.http.ResponseEntity<springfox.documentation.swagger.web.UiConfiguration> springfox.documentation.swagger.web.ApiResourceController.uiConfiguration()
2017-07-26 14:45:53.614  INFO 12256 --- [    Test worker] s.w.s.m.m.a.RequestMappingHandlerMapping : Mapped "{[/error]}" onto public org.springframework.http.ResponseEntity<java.util.Map<java.lang.String, java.lang.Object>> org.springframework.boot.autoconfigure.web.BasicErrorController.error(javax.servlet.http.HttpServletRequest)
2017-07-26 14:45:53.615  INFO 12256 --- [    Test worker] s.w.s.m.m.a.RequestMappingHandlerMapping : Mapped "{[/error],produces=[text/html]}" onto public org.springframework.web.servlet.ModelAndView org.springframework.boot.autoconfigure.web.BasicErrorController.errorHtml(javax.servlet.http.HttpServletRequest,javax.servlet.http.HttpServletResponse)
2017-07-26 14:45:53.700  INFO 12256 --- [    Test worker] pertySourcedRequestMappingHandlerMapping : Mapped URL path [/v2/api-docs] onto method [public org.springframework.http.ResponseEntity<springfox.documentation.spring.web.json.Json> springfox.documentation.swagger2.web.Swagger2Controller.getDocumentation(java.lang.String,javax.servlet.http.HttpServletRequest)]
2017-07-26 14:45:53.935  INFO 12256 --- [    Test worker] s.w.s.m.m.a.RequestMappingHandlerAdapter : Looking for @ControllerAdvice: org.springframework.web.context.support.GenericWebApplicationContext@4cb31e: startup date [Wed Jul 26 14:45:52 IST 2017]; root of context hierarchy
2017-07-26 14:45:53.975  INFO 12256 --- [    Test worker] o.s.w.s.handler.SimpleUrlHandlerMapping  : Mapped URL path [/webjars/**] onto handler of type [class org.springframework.web.servlet.resource.ResourceHttpRequestHandler]
2017-07-26 14:45:53.976  INFO 12256 --- [    Test worker] o.s.w.s.handler.SimpleUrlHandlerMapping  : Mapped URL path [/**] onto handler of type [class org.springframework.web.servlet.resource.ResourceHttpRequestHandler]
2017-07-26 14:45:54.003  INFO 12256 --- [    Test worker] o.s.w.s.handler.SimpleUrlHandlerMapping  : Mapped URL path [/**/favicon.ico] onto handler of type [class org.springframework.web.servlet.resource.ResourceHttpRequestHandler]
2017-07-26 14:45:54.126  INFO 12256 --- [    Test worker] o.s.c.support.DefaultLifecycleProcessor  : Starting beans in phase 2147483647
2017-07-26 14:45:54.127  INFO 12256 --- [    Test worker] d.s.w.p.DocumentationPluginsBootstrapper : Context refreshed
2017-07-26 14:45:54.146  INFO 12256 --- [    Test worker] d.s.w.p.DocumentationPluginsBootstrapper : Found 1 custom documentation plugin(s)
2017-07-26 14:45:54.171  INFO 12256 --- [    Test worker] s.d.s.w.s.ApiListingReferenceScanner     : Scanning for api listing references
2017-07-26 14:45:54.341  INFO 12256 --- [    Test worker] c.e.swagger.SwaggerApplicationTests      : Started SwaggerApplicationTests in 2.065 seconds (JVM running for 2.657)
]]></system-out>
  <system-err><![CDATA[]]></system-err>
</testsuite>
